<?xml version="1.0" encoding="UTF-8"?>
<!-- Generated by org.testng.reporters.JUnitXMLReporter -->
<testsuite hostname="h" ignored="0" tests="6" failures="0" timestamp="06 Jun 2017 06:21:20 GMT" time="85.434" errors="0">
  <testcase name="checkIfItsNotAvailableSendButtonIfFeedbackIsBlocked" time="26.725" classname="FeedbackTest"/>
  <testcase name="checkIfItsNotVisibleBlockedFeedback" time="21.755" classname="FeedbackTest"/>
  <testcase name="checkFeedbacks" time="7.26" classname="NotAvailableFeedbackTest"/>
  <testcase name="checkFeedbacksAvailable" time="9.091" classname="NotAvailableFeedbackTest"/>
  <testcase name="agoToDoctorPageAndCreateFeedback" time="8.23" classname="FeedbackCreateTest"/>
  <testcase name="bcheckCreatingFeedback" time="11.853" classname="FeedbackCreateTest"/>
</testsuite>
