<?xml version="1.0" encoding="UTF-8"?>
<testng-results skipped="0" failed="0" ignored="0" total="6" passed="6">
  <reporter-output>
  </reporter-output>
  <suite name="Command line suite" duration-ms="85434" started-at="2017-06-06T06:19:55Z" finished-at="2017-06-06T06:21:20Z">
    <groups>
    </groups>
    <test name="Command line test" duration-ms="85434" started-at="2017-06-06T06:19:55Z" finished-at="2017-06-06T06:21:20Z">
      <class name="NotAvailableFeedbackTest">
        <test-method status="PASS" signature="insert()[pri:0, instance:NotAvailableFeedbackTest@2ef9b8bc]" name="insert" is-config="true" duration-ms="64" started-at="2017-06-06T09:20:44Z" finished-at="2017-06-06T09:20:44Z">
          <reporter-output>
          </reporter-output>
        </test-method> <!-- insert -->
        <test-method status="PASS" signature="checkFeedbacks()[pri:0, instance:NotAvailableFeedbackTest@2ef9b8bc]" name="checkFeedbacks" duration-ms="7260" started-at="2017-06-06T09:20:44Z" finished-at="2017-06-06T09:20:51Z">
          <reporter-output>
          </reporter-output>
        </test-method> <!-- checkFeedbacks -->
        <test-method status="PASS" signature="insert()[pri:0, instance:NotAvailableFeedbackTest@2ef9b8bc]" name="insert" is-config="true" duration-ms="75" started-at="2017-06-06T09:20:51Z" finished-at="2017-06-06T09:20:51Z">
          <reporter-output>
          </reporter-output>
        </test-method> <!-- insert -->
        <test-method status="PASS" signature="checkFeedbacksAvailable()[pri:0, instance:NotAvailableFeedbackTest@2ef9b8bc]" name="checkFeedbacksAvailable" duration-ms="9091" started-at="2017-06-06T09:20:51Z" finished-at="2017-06-06T09:21:00Z">
          <reporter-output>
          </reporter-output>
        </test-method> <!-- checkFeedbacksAvailable -->
        <test-method status="PASS" signature="close()[pri:0, instance:NotAvailableFeedbackTest@2ef9b8bc]" name="close" is-config="true" duration-ms="0" started-at="2017-06-06T09:21:00Z" finished-at="2017-06-06T09:21:00Z">
          <reporter-output>
          </reporter-output>
        </test-method> <!-- close -->
      </class> <!-- NotAvailableFeedbackTest -->
      <class name="FeedbackTest">
        <test-method status="PASS" signature="delete()[pri:0, instance:FeedbackTest@5315b42e]" name="delete" is-config="true" duration-ms="241" started-at="2017-06-06T09:19:55Z" finished-at="2017-06-06T09:19:55Z">
          <reporter-output>
          </reporter-output>
        </test-method> <!-- delete -->
        <test-method status="PASS" signature="checkIfItsNotAvailableSendButtonIfFeedbackIsBlocked()[pri:0, instance:FeedbackTest@5315b42e]" name="checkIfItsNotAvailableSendButtonIfFeedbackIsBlocked" duration-ms="26725" started-at="2017-06-06T09:19:55Z" finished-at="2017-06-06T09:20:22Z">
          <reporter-output>
          </reporter-output>
        </test-method> <!-- checkIfItsNotAvailableSendButtonIfFeedbackIsBlocked -->
        <test-method status="PASS" signature="delete()[pri:0, instance:FeedbackTest@5315b42e]" name="delete" is-config="true" duration-ms="30" started-at="2017-06-06T09:20:22Z" finished-at="2017-06-06T09:20:22Z">
          <reporter-output>
          </reporter-output>
        </test-method> <!-- delete -->
        <test-method status="PASS" signature="checkIfItsNotVisibleBlockedFeedback()[pri:0, instance:FeedbackTest@5315b42e]" name="checkIfItsNotVisibleBlockedFeedback" duration-ms="21755" started-at="2017-06-06T09:20:22Z" finished-at="2017-06-06T09:20:44Z">
          <reporter-output>
          </reporter-output>
        </test-method> <!-- checkIfItsNotVisibleBlockedFeedback -->
        <test-method status="PASS" signature="closeBrowser()[pri:0, instance:FeedbackTest@5315b42e]" name="closeBrowser" is-config="true" duration-ms="0" started-at="2017-06-06T09:20:44Z" finished-at="2017-06-06T09:20:44Z">
          <reporter-output>
          </reporter-output>
        </test-method> <!-- closeBrowser -->
      </class> <!-- FeedbackTest -->
      <class name="FeedbackCreateTest">
        <test-method status="PASS" signature="delete()[pri:0, instance:FeedbackCreateTest@5d624da6]" name="delete" is-config="true" duration-ms="53" started-at="2017-06-06T09:21:00Z" finished-at="2017-06-06T09:21:00Z">
          <reporter-output>
          </reporter-output>
        </test-method> <!-- delete -->
        <test-method status="PASS" signature="agoToDoctorPageAndCreateFeedback()[pri:0, instance:FeedbackCreateTest@5d624da6]" name="agoToDoctorPageAndCreateFeedback" duration-ms="8230" started-at="2017-06-06T09:21:00Z" finished-at="2017-06-06T09:21:09Z">
          <reporter-output>
          </reporter-output>
        </test-method> <!-- agoToDoctorPageAndCreateFeedback -->
        <test-method status="PASS" signature="bcheckCreatingFeedback()[pri:0, instance:FeedbackCreateTest@5d624da6]" name="bcheckCreatingFeedback" duration-ms="11853" started-at="2017-06-06T09:21:09Z" finished-at="2017-06-06T09:21:20Z">
          <reporter-output>
          </reporter-output>
        </test-method> <!-- bcheckCreatingFeedback -->
      </class> <!-- FeedbackCreateTest -->
    </test> <!-- Command line test -->
  </suite> <!-- Command line suite -->
</testng-results>
